.
в”њв”Ђв”Ђ app
в”‚   в”њв”Ђв”Ђ build.gradle.kts
в”‚   в”њв”Ђв”Ђ proguard-rules.pro
в”‚   в””в”Ђв”Ђ src
в”‚       в”њв”Ђв”Ђ androidTest
в”‚       в”‚   в””в”Ђв”Ђ java
в”‚       в”‚       в””в”Ђв”Ђ com
в”‚       в”‚           в””в”Ђв”Ђ example
в”‚       в”‚               в””в”Ђв”Ђ lab6
в”‚       в”‚                   в””в”Ђв”Ђ ExampleInstrumentedTest.kt
в”‚       в”њв”Ђв”Ђ main
в”‚       в”‚   в”њв”Ђв”Ђ AndroidManifest.xml
в”‚       в”‚   в”њв”Ђв”Ђ java
в”‚       в”‚   в”‚   в””в”Ђв”Ђ com
в”‚       в”‚   в”‚       в””в”Ђв”Ђ example
в”‚       в”‚   в”‚           в””в”Ђв”Ђ lab6
в”‚       в”‚   в”‚               в””в”Ђв”Ђ MainActivity.kt
в”‚       в”‚   в””в”Ђв”Ђ res
в”‚       в”‚       в”њв”Ђв”Ђ drawable
в”‚       в”‚       в”‚   в”њв”Ђв”Ђ ic_launcher_background.xml
в”‚       в”‚       в”‚   в””в”Ђв”Ђ ic_launcher_foreground.xml
в”‚       в”‚       в”њв”Ђв”Ђ layout
в”‚       в”‚       в”‚   в””в”Ђв”Ђ activity_main.xml
в”‚       в”‚       в”њв”Ђв”Ђ mipmap-anydpi-v26
в”‚       в”‚       в”‚   в”њв”Ђв”Ђ ic_launcher.xml
в”‚       в”‚       в”‚   в””в”Ђв”Ђ ic_launcher_round.xml
в”‚       в”‚       в”њв”Ђв”Ђ mipmap-hdpi
в”‚       в”‚       в”‚   в”њв”Ђв”Ђ ic_launcher.webp
в”‚       в”‚       в”‚   в””в”Ђв”Ђ ic_launcher_round.webp
в”‚       в”‚       в”њв”Ђв”Ђ mipmap-mdpi
в”‚       в”‚       в”‚   в”њв”Ђв”Ђ ic_launcher.webp
в”‚       в”‚       в”‚   в””в”Ђв”Ђ ic_launcher_round.webp
в”‚       в”‚       в”њв”Ђв”Ђ mipmap-xhdpi
в”‚       в”‚       в”‚   в”њв”Ђв”Ђ ic_launcher.webp
в”‚       в”‚       в”‚   в””в”Ђв”Ђ ic_launcher_round.webp
в”‚       в”‚       в”њв”Ђв”Ђ mipmap-xxhdpi
в”‚       в”‚       в”‚   в”њв”Ђв”Ђ ic_launcher.webp
в”‚       в”‚       в”‚   в””в”Ђв”Ђ ic_launcher_round.webp
в”‚       в”‚       в”њв”Ђв”Ђ mipmap-xxxhdpi
в”‚       в”‚       в”‚   в”њв”Ђв”Ђ ic_launcher.webp
в”‚       в”‚       в”‚   в””в”Ђв”Ђ ic_launcher_round.webp
в”‚       в”‚       в”њв”Ђв”Ђ values
в”‚       в”‚       в”‚   в”њв”Ђв”Ђ colors.xml
в”‚       в”‚       в”‚   в”њв”Ђв”Ђ strings.xml
в”‚       в”‚       в”‚   в””в”Ђв”Ђ themes.xml
в”‚       в”‚       в”њв”Ђв”Ђ values-night
в”‚       в”‚       в”‚   в””в”Ђв”Ђ themes.xml
в”‚       в”‚       в””в”Ђв”Ђ xml
в”‚       в”‚           в”њв”Ђв”Ђ backup_rules.xml
в”‚       в”‚           в””в”Ђв”Ђ data_extraction_rules.xml
в”‚       в””в”Ђв”Ђ test
в”‚           в””в”Ђв”Ђ java
в”‚               в””в”Ђв”Ђ com
в”‚                   в””в”Ђв”Ђ example
в”‚                       в””в”Ђв”Ђ lab6
в”‚                           в””в”Ђв”Ђ ExampleUnitTest.kt
в”њв”Ђв”Ђ build.gradle.kts
в”њв”Ђв”Ђ gradle
в”‚   в”њв”Ђв”Ђ gradle-daemon-jvm.properties
в”‚   в”њв”Ђв”Ђ libs.versions.toml
в”‚   в””в”Ђв”Ђ wrapper
в”‚       в”њв”Ђв”Ђ gradle-wrapper.jar
в”‚       в””в”Ђв”Ђ gradle-wrapper.properties
в”њв”Ђв”Ђ gradle.properties
в”њв”Ђв”Ђ gradlew
в”њв”Ђв”Ђ gradlew.bat
в”њв”Ђв”Ђ local.properties
в”њв”Ђв”Ђ settings.gradle.kts
в””в”Ђв”Ђ structure.log
